<?xml version="1.0" encoding="UTF-8"?>
<testsuite name="co.com.sofka.bankingaccount.bankingaccount.AccountControllerTest" tests="1" skipped="0" failures="1" errors="0" timestamp="2024-12-16T14:00:52" hostname="INFS-ECU-LT1136" time="1.477">
  <properties/>
  <testcase name="testCreateBankAccount_InvalidRequest()" classname="co.com.sofka.bankingaccount.bankingaccount.AccountControllerTest" time="1.477">
    <failure message="org.opentest4j.AssertionFailedError: Expected java.lang.Exception to be thrown, but nothing was thrown." type="org.opentest4j.AssertionFailedError">org.opentest4j.AssertionFailedError: Expected java.lang.Exception to be thrown, but nothing was thrown.
	at app//org.junit.jupiter.api.AssertionFailureBuilder.build(AssertionFailureBuilder.java:152)
	at app//org.junit.jupiter.api.AssertThrows.assertThrows(AssertThrows.java:73)
	at app//org.junit.jupiter.api.AssertThrows.assertThrows(AssertThrows.java:35)
	at app//org.junit.jupiter.api.Assertions.assertThrows(Assertions.java:3128)
	at app//co.com.sofka.bankingaccount.bankingaccount.AccountControllerTest.testCreateBankAccount_InvalidRequest(AccountControllerTest.java:66)
	at java.base@17.0.12/java.lang.reflect.Method.invoke(Method.java:568)
	at java.base@17.0.12/java.util.ArrayList.forEach(ArrayList.java:1511)
	at java.base@17.0.12/java.util.ArrayList.forEach(ArrayList.java:1511)
</failure>
  </testcase>
  <system-out><![CDATA[09:00:46.659 [Test worker] INFO org.springframework.test.context.support.AnnotationConfigContextLoaderUtils -- Could not detect default configuration classes for test class [co.com.sofka.bankingaccount.bankingaccount.AccountControllerTest]: AccountControllerTest does not declare any static, non-private, non-final, nested classes annotated with @Configuration.
09:00:46.892 [Test worker] INFO org.springframework.boot.test.context.SpringBootTestContextBootstrapper -- Found @SpringBootConfiguration co.com.sofka.bankingaccount.bankingaccount.BankingAccountApplication for test class co.com.sofka.bankingaccount.bankingaccount.AccountControllerTest

  .   ____          _            __ _ _
 /\\ / ___'_ __ _ _(_)_ __  __ _ \ \ \ \
( ( )\___ | '_ | '_| | '_ \/ _` | \ \ \ \
 \\/  ___)| |_)| | | | | || (_| |  ) ) ) )
  '  |____| .__|_| |_|_| |_\__, | / / / /
 =========|_|==============|___/=/_/_/_/

 :: Spring Boot ::                (v3.4.0)

2024-12-16T09:00:47.528-05:00  INFO 8716 --- [BankingAccount] [    Test worker] c.c.s.b.b.AccountControllerTest          : Starting AccountControllerTest using Java 17.0.12 with PID 8716 (started by santiago.delsalto in C:\Users\santiago.delsalto\IdeaProjects\BankingAccount)
2024-12-16T09:00:47.531-05:00  INFO 8716 --- [BankingAccount] [    Test worker] c.c.s.b.b.AccountControllerTest          : No active profile set, falling back to 1 default profile: "default"
2024-12-16T09:00:49.030-05:00  INFO 8716 --- [BankingAccount] [    Test worker] .s.d.r.c.RepositoryConfigurationDelegate : Bootstrapping Spring Data MongoDB repositories in DEFAULT mode.
2024-12-16T09:00:49.128-05:00  INFO 8716 --- [BankingAccount] [    Test worker] .s.d.r.c.RepositoryConfigurationDelegate : Finished Spring Data repository scanning in 82 ms. Found 2 MongoDB repository interfaces.
2024-12-16T09:00:49.853-05:00  INFO 8716 --- [BankingAccount] [    Test worker] org.mongodb.driver.client                : MongoClient with metadata {"driver": {"name": "mongo-java-driver|sync|spring-boot", "version": "5.2.1"}, "os": {"type": "Windows", "name": "Windows 11", "architecture": "amd64", "version": "10.0"}, "platform": "Java/Oracle Corporation/17.0.12+8-LTS-286"} created with settings MongoClientSettings{readPreference=primary, writeConcern=WriteConcern{w=null, wTimeout=null ms, journal=null}, retryWrites=true, retryReads=true, readConcern=ReadConcern{level=null}, credential=MongoCredential{mechanism=null, userName='santyrdse', source='admin', password=<hidden>, mechanismProperties=<hidden>}, transportSettings=null, commandListeners=[], codecRegistry=ProvidersCodecRegistry{codecProviders=[ValueCodecProvider{}, BsonValueCodecProvider{}, DBRefCodecProvider{}, DBObjectCodecProvider{}, DocumentCodecProvider{}, CollectionCodecProvider{}, IterableCodecProvider{}, MapCodecProvider{}, GeoJsonCodecProvider{}, GridFSFileCodecProvider{}, Jsr310CodecProvider{}, JsonObjectCodecProvider{}, BsonCodecProvider{}, EnumCodecProvider{}, com.mongodb.client.model.mql.ExpressionCodecProvider@482c351d, com.mongodb.Jep395RecordCodecProvider@75eaba95, com.mongodb.KotlinCodecProvider@320be73]}, loggerSettings=LoggerSettings{maxDocumentLength=1000}, clusterSettings={hosts=[127.0.0.1:27017], srvHost=cluster-sofka.mwjvo.mongodb.net, srvServiceName=mongodb, mode=MULTIPLE, requiredClusterType=REPLICA_SET, requiredReplicaSetName='atlas-581bdn-shard-0', serverSelector='null', clusterListeners='[]', serverSelectionTimeout='30000 ms', localThreshold='15 ms'}, socketSettings=SocketSettings{connectTimeoutMS=10000, readTimeoutMS=0, receiveBufferSize=0, proxySettings=ProxySettings{host=null, port=null, username=null, password=null}}, heartbeatSocketSettings=SocketSettings{connectTimeoutMS=10000, readTimeoutMS=10000, receiveBufferSize=0, proxySettings=ProxySettings{host=null, port=null, username=null, password=null}}, connectionPoolSettings=ConnectionPoolSettings{maxSize=100, minSize=0, maxWaitTimeMS=120000, maxConnectionLifeTimeMS=0, maxConnectionIdleTimeMS=0, maintenanceInitialDelayMS=0, maintenanceFrequencyMS=60000, connectionPoolListeners=[], maxConnecting=2}, serverSettings=ServerSettings{heartbeatFrequencyMS=10000, minHeartbeatFrequencyMS=500, serverMonitoringMode=AUTO, serverListeners='[]', serverMonitorListeners='[]'}, sslSettings=SslSettings{enabled=true, invalidHostNameAllowed=false, context=null}, applicationName='null', compressorList=[], uuidRepresentation=JAVA_LEGACY, serverApi=null, autoEncryptionSettings=null, dnsClient=null, inetAddressResolver=null, contextProvider=null, timeoutMS=null}
2024-12-16T09:00:49.860-05:00  INFO 8716 --- [BankingAccount] [jvo.mongodb.net] org.mongodb.driver.cluster               : Adding discovered server cluster-sofka-shard-00-01.mwjvo.mongodb.net:27017 to client view of cluster
2024-12-16T09:00:49.937-05:00  INFO 8716 --- [BankingAccount] [jvo.mongodb.net] org.mongodb.driver.cluster               : Adding discovered server cluster-sofka-shard-00-02.mwjvo.mongodb.net:27017 to client view of cluster
2024-12-16T09:00:49.944-05:00  INFO 8716 --- [BankingAccount] [jvo.mongodb.net] org.mongodb.driver.cluster               : Adding discovered server cluster-sofka-shard-00-00.mwjvo.mongodb.net:27017 to client view of cluster
2024-12-16T09:00:50.856-05:00  INFO 8716 --- [BankingAccount] [ngodb.net:27017] org.mongodb.driver.cluster               : Monitor thread successfully connected to server with description ServerDescription{address=cluster-sofka-shard-00-00.mwjvo.mongodb.net:27017, type=REPLICA_SET_SECONDARY, cryptd=false, state=CONNECTED, ok=true, minWireVersion=0, maxWireVersion=25, maxDocumentSize=16777216, logicalSessionTimeoutMinutes=30, roundTripTimeNanos=450219900, minRoundTripTimeNanos=0, setName='atlas-581bdn-shard-0', canonicalAddress=cluster-sofka-shard-00-00.mwjvo.mongodb.net:27017, hosts=[cluster-sofka-shard-00-00.mwjvo.mongodb.net:27017, cluster-sofka-shard-00-01.mwjvo.mongodb.net:27017, cluster-sofka-shard-00-02.mwjvo.mongodb.net:27017], passives=[], arbiters=[], primary='cluster-sofka-shard-00-01.mwjvo.mongodb.net:27017', tagSet=TagSet{[Tag{name='availabilityZone', value='use1-az1'}, Tag{name='diskState', value='READY'}, Tag{name='nodeType', value='ELECTABLE'}, Tag{name='provider', value='AWS'}, Tag{name='region', value='US_EAST_1'}, Tag{name='workloadType', value='OPERATIONAL'}]}, electionId=null, setVersion=142, topologyVersion=TopologyVersion{processId=675d97522dbca2defcaebeb3, counter=4}, lastWriteDate=Mon Dec 16 09:01:09 ECT 2024, lastUpdateTimeNanos=320105278933700}
2024-12-16T09:00:50.857-05:00  INFO 8716 --- [BankingAccount] [ngodb.net:27017] org.mongodb.driver.cluster               : Monitor thread successfully connected to server with description ServerDescription{address=cluster-sofka-shard-00-02.mwjvo.mongodb.net:27017, type=REPLICA_SET_SECONDARY, cryptd=false, state=CONNECTED, ok=true, minWireVersion=0, maxWireVersion=25, maxDocumentSize=16777216, logicalSessionTimeoutMinutes=30, roundTripTimeNanos=450215500, minRoundTripTimeNanos=0, setName='atlas-581bdn-shard-0', canonicalAddress=cluster-sofka-shard-00-02.mwjvo.mongodb.net:27017, hosts=[cluster-sofka-shard-00-00.mwjvo.mongodb.net:27017, cluster-sofka-shard-00-01.mwjvo.mongodb.net:27017, cluster-sofka-shard-00-02.mwjvo.mongodb.net:27017], passives=[], arbiters=[], primary='cluster-sofka-shard-00-01.mwjvo.mongodb.net:27017', tagSet=TagSet{[Tag{name='availabilityZone', value='use1-az4'}, Tag{name='diskState', value='READY'}, Tag{name='nodeType', value='ELECTABLE'}, Tag{name='provider', value='AWS'}, Tag{name='region', value='US_EAST_1'}, Tag{name='workloadType', value='OPERATIONAL'}]}, electionId=null, setVersion=142, topologyVersion=TopologyVersion{processId=675d989bf8039e7aba94ece4, counter=3}, lastWriteDate=Mon Dec 16 09:01:09 ECT 2024, lastUpdateTimeNanos=320105278933600}
2024-12-16T09:00:50.857-05:00  INFO 8716 --- [BankingAccount] [ngodb.net:27017] org.mongodb.driver.cluster               : Monitor thread successfully connected to server with description ServerDescription{address=cluster-sofka-shard-00-01.mwjvo.mongodb.net:27017, type=REPLICA_SET_PRIMARY, cryptd=false, state=CONNECTED, ok=true, minWireVersion=0, maxWireVersion=25, maxDocumentSize=16777216, logicalSessionTimeoutMinutes=30, roundTripTimeNanos=450185700, minRoundTripTimeNanos=0, setName='atlas-581bdn-shard-0', canonicalAddress=cluster-sofka-shard-00-01.mwjvo.mongodb.net:27017, hosts=[cluster-sofka-shard-00-00.mwjvo.mongodb.net:27017, cluster-sofka-shard-00-01.mwjvo.mongodb.net:27017, cluster-sofka-shard-00-02.mwjvo.mongodb.net:27017], passives=[], arbiters=[], primary='cluster-sofka-shard-00-01.mwjvo.mongodb.net:27017', tagSet=TagSet{[Tag{name='availabilityZone', value='use1-az2'}, Tag{name='diskState', value='READY'}, Tag{name='nodeType', value='ELECTABLE'}, Tag{name='provider', value='AWS'}, Tag{name='region', value='US_EAST_1'}, Tag{name='workloadType', value='OPERATIONAL'}]}, electionId=7fffffff00000000000001ad, setVersion=142, topologyVersion=TopologyVersion{processId=675d9657e82393d5f397609b, counter=6}, lastWriteDate=Mon Dec 16 09:01:09 ECT 2024, lastUpdateTimeNanos=320105278933600}
2024-12-16T09:00:50.857-05:00  INFO 8716 --- [BankingAccount] [ngodb.net:27017] org.mongodb.driver.cluster               : Discovered replica set primary cluster-sofka-shard-00-01.mwjvo.mongodb.net:27017 with max election id 7fffffff00000000000001ad and max set version 142
2024-12-16T09:00:52.075-05:00  INFO 8716 --- [BankingAccount] [    Test worker] c.c.s.b.b.AccountControllerTest          : Started AccountControllerTest in 4.956 seconds (process running for 6.693)
]]></system-out>
  <system-err><![CDATA[]]></system-err>
</testsuite>
